[debug] > Exec(early(addDefaultCommands), None, None)
[debug] > Exec(addDefaultCommands, None, None)
[debug] > Exec(early(initialize), None, None)
[debug] > Exec(initialize, None, None)
[debug] > Exec(early(addPluginSbtFile="""C:\Users\profa\AppData\Local\Temp\idea.sbt"""), None, None)
[debug] > Exec(addPluginSbtFile="""C:\Users\profa\AppData\Local\Temp\idea.sbt""", None, None)
[debug] > Exec(boot, None, None)
[debug] > Exec(writeSbtVersion, None, None)
[debug] > Exec(reload, None, None)
[debug] > Exec(sbtStashOnFailure, None, None)
[debug] > Exec(onFailure loadFailed, None, None)
[debug] > Exec(loadp, None, None)
[info] welcome to sbt 1.4.7 (Oracle Corporation Java 1.8.0_281)
[debug]       Load.loadUnit: plugins took 122.32ms
[debug]       Load.loadUnit: defsScala took 0.5226ms
[debug] [Loading] Scanning directory C:\Users\profa\.sbt\1.0\plugins
[debug] [Loading] Found non-root projects 
[debug] [Loading] Done in C:\Users\profa\.sbt\1.0\plugins, returning: ()
[debug] deducing auto plugins based on known facts Set(Atom(sbt.plugins.CorePlugin)) and clauses Clauses(List(Clause(Atom(sbt.plugins.JvmPlugin),Set(Atom(sbt.plugins.IvyPlugin))), Clause(Atom(sbt.ScriptedPlugin),Set(Atom(sbt.plugins.JvmPlugin))), Clause(Atom(sbt.plugins.SbtPlugin),Set(Atom(sbt.ScriptedPlugin))), Clause(Atom(sbt.plugins.SemanticdbPlugin),Set(Atom(sbt.plugins.JvmPlugin))), Clause(Atom(sbt.plugins.JUnitXmlReportPlugin),Set(Atom(sbt.plugins.JvmPlugin))), Clause(Atom(sbt.plugins.MiniDependencyTreePlugin),Set(Atom(sbt.plugins.JvmPlugin))), Clause(Atom(sbt.plugins.CorePlugin),Set(Atom(sbt.plugins.IvyPlugin))), Clause(Atom(sbt.plugins.IvyPlugin),Set(Atom(sbt.plugins.JvmPlugin))), Clause(Atom(sbt.plugins.JvmPlugin),Set(Atom(sbt.plugins.SemanticdbPlugin))), Clause(Atom(sbt.plugins.JvmPlugin),Set(Atom(sbt.plugins.JUnitXmlReportPlugin))), Clause(Atom(sbt.plugins.CorePlugin),Set(Atom(sbt.plugins.Giter8TemplatePlugin))), Clause(Atom(sbt.plugins.JvmPlugin),Set(Atom(sbt.plugins.MiniDependencyTreePlugin)))))
[debug]   :: deduced result: Matched(sbt.plugins.CorePlugin,sbt.plugins.Giter8TemplatePlugin,sbt.plugins.IvyPlugin,sbt.plugins.JvmPlugin,sbt.plugins.MiniDependencyTreePlugin,sbt.plugins.JUnitXmlReportPlugin,sbt.plugins.SemanticdbPlugin)
[debug] Plugins.deducer#function took 28.2673 ms
[debug]           Load.resolveProject(global-plugins) took 61.3141ms
[debug]         Load.loadTransitive: finalizeProject(Project(id global-plugins, base: C:\Users\profa\.sbt\1.0\plugins, plugins: List(<none>))) took 123.7918ms
[debug] [Loading] Done in C:\Users\profa\.sbt\1.0\plugins, returning: (global-plugins)
[debug]       Load.loadUnit: loadedProjectsRaw took 149.3071ms
[debug]       Load.loadUnit: cleanEvalClasses took 0.5315ms
[debug]     Load.loadUnit(file:/C:/Users/profa/.sbt/1.0/plugins/, ...) took 284.6662ms
[debug]   Load.apply: load took 476.6282ms
[debug]   Load.apply: resolveProjects took 8.9101ms
[debug]   Load.apply: finalTransforms took 86.2356ms
[debug]   Load.apply: config.delegates took 9.8462ms
[debug]   Load.apply: Def.make(settings)... took 1051.6721ms
[debug]   Load.apply: structureIndex took 156.3258ms
[debug]   Load.apply: mkStreams took 2.9736ms
[info] loading global plugins from C:\Users\profa\.sbt\1.0\plugins
[debug] Running task... Cancel: Signal, check cycles: false, forcegc: true
[debug] Load.defaultLoad until apply took 4164.6154ms
[debug]           Load.loadUnit: plugins took 35.9624ms
[debug]           Load.loadUnit: defsScala took 0.0043ms
[debug] [Loading] Scanning directory C:\Users\profa\Desktop\Scala\TSIS Week5 day2\project
[debug]             Load.loadUnit: mkEval took 9.6589ms
[debug] [Loading] Found non-root projects 
[debug] [Loading] Done in C:\Users\profa\Desktop\Scala\TSIS Week5 day2\project, returning: ()
[debug] deducing auto plugins based on known facts Set(Atom(sbt.plugins.CorePlugin)) and clauses Clauses(List(Clause(Atom(sbt.plugins.JvmPlugin),Set(Atom(sbt.plugins.IvyPlugin))), Clause(Atom(sbt.ScriptedPlugin),Set(Atom(sbt.plugins.JvmPlugin))), Clause(Atom(sbt.plugins.SbtPlugin),Set(Atom(sbt.ScriptedPlugin))), Clause(Atom(sbt.plugins.SemanticdbPlugin),Set(Atom(sbt.plugins.JvmPlugin))), Clause(Atom(sbt.plugins.JUnitXmlReportPlugin),Set(Atom(sbt.plugins.JvmPlugin))), Clause(Atom(sbt.plugins.MiniDependencyTreePlugin),Set(Atom(sbt.plugins.JvmPlugin))), Clause(Atom(sbt.plugins.CorePlugin),Set(Atom(sbt.plugins.IvyPlugin))), Clause(Atom(sbt.plugins.IvyPlugin),Set(Atom(sbt.plugins.JvmPlugin))), Clause(Atom(sbt.plugins.JvmPlugin),Set(Atom(sbt.plugins.SemanticdbPlugin))), Clause(Atom(sbt.plugins.JvmPlugin),Set(Atom(sbt.plugins.JUnitXmlReportPlugin))), Clause(Atom(sbt.plugins.CorePlugin),Set(Atom(sbt.plugins.Giter8TemplatePlugin))), Clause(Atom(sbt.plugins.JvmPlugin),Set(Atom(sbt.plugins.MiniDependencyTreePlugin)))))
[debug]   :: deduced result: Matched(sbt.plugins.CorePlugin,sbt.plugins.Giter8TemplatePlugin,sbt.plugins.IvyPlugin,sbt.plugins.JvmPlugin,sbt.plugins.MiniDependencyTreePlugin,sbt.plugins.JUnitXmlReportPlugin,sbt.plugins.SemanticdbPlugin)
[debug] Plugins.deducer#function took 2.7874 ms
[info] loading settings for project tsis-week5-day2-build from idea.sbt ...
[debug]               Load.resolveProject(tsis-week5-day2-build) took 18.9321ms
[debug]             Load.loadTransitive: finalizeProject(Project(id tsis-week5-day2-build, base: C:\Users\profa\Desktop\Scala\TSIS Week5 day2\project, plugins: List(<none>))) took 22.395ms
[debug] [Loading] Done in C:\Users\profa\Desktop\Scala\TSIS Week5 day2\project, returning: (tsis-week5-day2-build)
[debug]           Load.loadUnit: loadedProjectsRaw took 193.3548ms
[debug]           Load.loadUnit: cleanEvalClasses took 5.7228ms
[debug]         Load.loadUnit(file:/C:/Users/profa/Desktop/Scala/TSIS%20Week5%20day2/project/, ...) took 236.4676ms
[debug]       Load.apply: load took 238.4473ms
[debug]       Load.apply: resolveProjects took 0.1715ms
[debug]       Load.apply: finalTransforms took 14.1524ms
[debug]       Load.apply: config.delegates took 0.6414ms
[debug]       Load.apply: Def.make(settings)... took 140.5198ms
[debug]       Load.apply: structureIndex took 29.1068ms
[debug]       Load.apply: mkStreams took 0.0025ms
[info] loading project definition from C:\Users\profa\Desktop\Scala\TSIS Week5 day2\project
[debug] Running task... Cancel: Signal, check cycles: false, forcegc: true
[debug]     Load.loadUnit: plugins took 1930.1303ms
[debug]     Load.loadUnit: defsScala took 0.0035ms
[debug] [Loading] Scanning directory C:\Users\profa\Desktop\Scala\TSIS Week5 day2
[debug]       Load.loadUnit: mkEval took 0.2797ms
[debug] [Loading] Found non-root projects 
[debug] [Loading] Done in C:\Users\profa\Desktop\Scala\TSIS Week5 day2, returning: ()
[debug] deducing auto plugins based on known facts Set(Atom(sbt.plugins.CorePlugin)) and clauses Clauses(List(Clause(Atom(sbt.plugins.JvmPlugin),Set(Atom(sbt.plugins.IvyPlugin))), Clause(Atom(sbt.ScriptedPlugin),Set(Atom(sbt.plugins.JvmPlugin))), Clause(Atom(sbt.plugins.SbtPlugin),Set(Atom(sbt.ScriptedPlugin))), Clause(Atom(sbt.plugins.SemanticdbPlugin),Set(Atom(sbt.plugins.JvmPlugin))), Clause(Atom(sbt.plugins.JUnitXmlReportPlugin),Set(Atom(sbt.plugins.JvmPlugin))), Clause(Atom(sbt.plugins.MiniDependencyTreePlugin),Set(Atom(sbt.plugins.JvmPlugin))), Clause(Atom(org.jetbrains.sbt.StructurePlugin),Set(Atom(sbt.plugins.JvmPlugin))), Clause(Atom(org.jetbrains.sbt.IdeaShellPlugin),Set(Atom(sbt.plugins.JvmPlugin))), Clause(Atom(org.jetbrains.sbt.indices.SbtIntellijIndicesPlugin),Set(Atom(sbt.plugins.JvmPlugin))), Clause(Atom(sbt.plugins.CorePlugin),Set(Atom(sbt.plugins.IvyPlugin))), Clause(Atom(sbt.plugins.IvyPlugin),Set(Atom(sbt.plugins.JvmPlugin))), Clause(Atom(sbt.plugins.JvmPlugin),Set(Atom(sbt.plugins.SemanticdbPlugin))), Clause(Atom(sbt.plugins.JvmPlugin),Set(Atom(sbt.plugins.JUnitXmlReportPlugin))), Clause(Atom(sbt.plugins.CorePlugin),Set(Atom(sbt.plugins.Giter8TemplatePlugin))), Clause(Atom(sbt.plugins.JvmPlugin),Set(Atom(sbt.plugins.MiniDependencyTreePlugin))), Clause(Atom(sbt.plugins.JvmPlugin),Set(Atom(org.jetbrains.sbt.StructurePlugin))), Clause(Atom(sbt.plugins.JvmPlugin),Set(Atom(org.jetbrains.sbt.IdeaShellPlugin))), Clause(And(Set(Atom(sbt.plugins.CorePlugin), Atom(sbt.plugins.JvmPlugin))),Set(Atom(org.jetbrains.sbt.indices.SbtIntellijIndicesPlugin)))))
[debug]   :: deduced result: Matched(sbt.plugins.CorePlugin,sbt.plugins.Giter8TemplatePlugin,sbt.plugins.IvyPlugin,sbt.plugins.JvmPlugin,sbt.plugins.SemanticdbPlugin,org.jetbrains.sbt.indices.SbtIntellijIndicesPlugin,sbt.plugins.JUnitXmlReportPlugin,org.jetbrains.sbt.IdeaShellPlugin,org.jetbrains.sbt.StructurePlugin,sbt.plugins.MiniDependencyTreePlugin)
[debug] Plugins.deducer#function took 2.327 ms
[info] loading settings for project tsis-week5-day2 from build.sbt ...
[debug]         Load.resolveProject(tsis-week5-day2) took 37.9885ms
[debug]       Load.loadTransitive: finalizeProject(Project(id tsis-week5-day2, base: C:\Users\profa\Desktop\Scala\TSIS Week5 day2, plugins: List(<none>))) took 41.6796ms
[debug] [Loading] Done in C:\Users\profa\Desktop\Scala\TSIS Week5 day2, returning: (tsis-week5-day2)
[debug]     Load.loadUnit: loadedProjectsRaw took 3410.1219ms
[debug]     Load.loadUnit: cleanEvalClasses took 14.2579ms
[debug]   Load.loadUnit(file:/C:/Users/profa/Desktop/Scala/TSIS%20Week5%20day2/, ...) took 5355.32ms
[debug] Load.apply: load took 5357.7894ms
[debug] Load.apply: resolveProjects took 0.116ms
[debug] Load.apply: finalTransforms took 29.097ms
[debug] Load.apply: config.delegates took 0.4818ms
[debug] Load.apply: Def.make(settings)... took 98.0349ms
[debug] Load.apply: structureIndex took 24.7298ms
[debug] Load.apply: mkStreams took 0.0027ms
[info] set current project to TSIS Week5 day2 (in build file:/C:/Users/profa/Desktop/Scala/TSIS%20Week5%20day2/)
[debug] > Exec(sbtPopOnFailure, None, None)
[debug] > Exec(resumeFromFailure, None, None)
[debug] > Exec(notifyUsersAboutShell, None, None)
[debug] > Exec(iflast shell, None, None)
[debug] > Exec(; set ideaPort in Global := 55656 ; idea-shell, None, None)
[debug] > Exec(set ideaPort in Global := 55656, None, None)
[info] Defining Global / ideaPort
[info] The new value will be used by Compile / compile, Test / compile
[debug] Defining 
[debug] 	Global / ideaPort
[debug] 
[debug] The new value will be used by 
[debug] 	Compile / compile
[debug] 	Test / compile
[info] Reapplying settings...
[info] set current project to TSIS Week5 day2 (in build file:/C:/Users/profa/Desktop/Scala/TSIS%20Week5%20day2/)
[debug] > Exec(idea-shell, None, None)
