[debug] > Exec(early(addDefaultCommands), None, None)
[debug] > Exec(addDefaultCommands, None, None)
[debug] > Exec(early(initialize), None, None)
[debug] > Exec(initialize, None, None)
[debug] > Exec(early(addPluginSbtFile="""C:\Users\profa\AppData\Local\Temp\idea10.sbt"""), None, None)
[debug] > Exec(addPluginSbtFile="""C:\Users\profa\AppData\Local\Temp\idea10.sbt""", None, None)
[debug] > Exec(boot, None, None)
[debug] > Exec(writeSbtVersion, None, None)
[debug] > Exec(reload, None, None)
[debug] > Exec(sbtStashOnFailure, None, None)
[debug] > Exec(onFailure loadFailed, None, None)
[debug] > Exec(loadp, None, None)
[info] welcome to sbt 1.4.7 (Oracle Corporation Java 1.8.0_281)
[debug]       Load.loadUnit: plugins took 111.5656ms
[debug]       Load.loadUnit: defsScala took 0.3814ms
[debug] [Loading] Scanning directory C:\Users\profa\.sbt\1.0\plugins
[debug] [Loading] Found non-root projects 
[debug] [Loading] Done in C:\Users\profa\.sbt\1.0\plugins, returning: ()
[debug] deducing auto plugins based on known facts Set(Atom(sbt.plugins.CorePlugin)) and clauses Clauses(List(Clause(Atom(sbt.plugins.JvmPlugin),Set(Atom(sbt.plugins.IvyPlugin))), Clause(Atom(sbt.ScriptedPlugin),Set(Atom(sbt.plugins.JvmPlugin))), Clause(Atom(sbt.plugins.SbtPlugin),Set(Atom(sbt.ScriptedPlugin))), Clause(Atom(sbt.plugins.SemanticdbPlugin),Set(Atom(sbt.plugins.JvmPlugin))), Clause(Atom(sbt.plugins.JUnitXmlReportPlugin),Set(Atom(sbt.plugins.JvmPlugin))), Clause(Atom(sbt.plugins.MiniDependencyTreePlugin),Set(Atom(sbt.plugins.JvmPlugin))), Clause(Atom(sbt.plugins.CorePlugin),Set(Atom(sbt.plugins.IvyPlugin))), Clause(Atom(sbt.plugins.IvyPlugin),Set(Atom(sbt.plugins.JvmPlugin))), Clause(Atom(sbt.plugins.JvmPlugin),Set(Atom(sbt.plugins.SemanticdbPlugin))), Clause(Atom(sbt.plugins.JvmPlugin),Set(Atom(sbt.plugins.JUnitXmlReportPlugin))), Clause(Atom(sbt.plugins.CorePlugin),Set(Atom(sbt.plugins.Giter8TemplatePlugin))), Clause(Atom(sbt.plugins.JvmPlugin),Set(Atom(sbt.plugins.MiniDependencyTreePlugin)))))
[debug]   :: deduced result: Matched(sbt.plugins.CorePlugin,sbt.plugins.Giter8TemplatePlugin,sbt.plugins.IvyPlugin,sbt.plugins.JvmPlugin,sbt.plugins.MiniDependencyTreePlugin,sbt.plugins.JUnitXmlReportPlugin,sbt.plugins.SemanticdbPlugin)
[debug] Plugins.deducer#function took 26.0146 ms
[debug]           Load.resolveProject(global-plugins) took 57.6349ms
[debug]         Load.loadTransitive: finalizeProject(Project(id global-plugins, base: C:\Users\profa\.sbt\1.0\plugins, plugins: List(<none>))) took 117.3178ms
[debug] [Loading] Done in C:\Users\profa\.sbt\1.0\plugins, returning: (global-plugins)
[debug]       Load.loadUnit: loadedProjectsRaw took 143.1716ms
[debug]       Load.loadUnit: cleanEvalClasses took 0.3545ms
[debug]     Load.loadUnit(file:/C:/Users/profa/.sbt/1.0/plugins/, ...) took 265.3556ms
[debug]   Load.apply: load took 441.6273ms
[debug]   Load.apply: resolveProjects took 7.5762ms
[debug]   Load.apply: finalTransforms took 74.039ms
[debug]   Load.apply: config.delegates took 10.5932ms
[debug]   Load.apply: Def.make(settings)... took 1067.8744ms
[debug]   Load.apply: structureIndex took 137.4692ms
[debug]   Load.apply: mkStreams took 2.8385ms
[info] loading global plugins from C:\Users\profa\.sbt\1.0\plugins
[debug] Running task... Cancel: Signal, check cycles: false, forcegc: true
[debug] Load.defaultLoad until apply took 3920.9694ms
[debug]           Load.loadUnit: plugins took 33.044ms
[debug]           Load.loadUnit: defsScala took 0.0039ms
[debug] [Loading] Scanning directory C:\Users\profa\Desktop\Scala\TSIS Week5 day2\Calculator\project
[debug]             Load.loadUnit: mkEval took 9.9112ms
[debug] [Loading] Found non-root projects 
[debug] [Loading] Done in C:\Users\profa\Desktop\Scala\TSIS Week5 day2\Calculator\project, returning: ()
[debug] deducing auto plugins based on known facts Set(Atom(sbt.plugins.CorePlugin)) and clauses Clauses(List(Clause(Atom(sbt.plugins.JvmPlugin),Set(Atom(sbt.plugins.IvyPlugin))), Clause(Atom(sbt.ScriptedPlugin),Set(Atom(sbt.plugins.JvmPlugin))), Clause(Atom(sbt.plugins.SbtPlugin),Set(Atom(sbt.ScriptedPlugin))), Clause(Atom(sbt.plugins.SemanticdbPlugin),Set(Atom(sbt.plugins.JvmPlugin))), Clause(Atom(sbt.plugins.JUnitXmlReportPlugin),Set(Atom(sbt.plugins.JvmPlugin))), Clause(Atom(sbt.plugins.MiniDependencyTreePlugin),Set(Atom(sbt.plugins.JvmPlugin))), Clause(Atom(sbt.plugins.CorePlugin),Set(Atom(sbt.plugins.IvyPlugin))), Clause(Atom(sbt.plugins.IvyPlugin),Set(Atom(sbt.plugins.JvmPlugin))), Clause(Atom(sbt.plugins.JvmPlugin),Set(Atom(sbt.plugins.SemanticdbPlugin))), Clause(Atom(sbt.plugins.JvmPlugin),Set(Atom(sbt.plugins.JUnitXmlReportPlugin))), Clause(Atom(sbt.plugins.CorePlugin),Set(Atom(sbt.plugins.Giter8TemplatePlugin))), Clause(Atom(sbt.plugins.JvmPlugin),Set(Atom(sbt.plugins.MiniDependencyTreePlugin)))))
[debug]   :: deduced result: Matched(sbt.plugins.CorePlugin,sbt.plugins.Giter8TemplatePlugin,sbt.plugins.IvyPlugin,sbt.plugins.JvmPlugin,sbt.plugins.MiniDependencyTreePlugin,sbt.plugins.JUnitXmlReportPlugin,sbt.plugins.SemanticdbPlugin)
[debug] Plugins.deducer#function took 2.0853 ms
[info] loading settings for project calculator-build from idea10.sbt ...
[debug]               Load.resolveProject(calculator-build) took 3.8238ms
[debug]             Load.loadTransitive: finalizeProject(Project(id calculator-build, base: C:\Users\profa\Desktop\Scala\TSIS Week5 day2\Calculator\project, plugins: List(<none>))) took 6.567ms
[debug] [Loading] Done in C:\Users\profa\Desktop\Scala\TSIS Week5 day2\Calculator\project, returning: (calculator-build)
[debug]           Load.loadUnit: loadedProjectsRaw took 158.873ms
[debug]           Load.loadUnit: cleanEvalClasses took 5.0445ms
[debug]         Load.loadUnit(file:/C:/Users/profa/Desktop/Scala/TSIS%20Week5%20day2/Calculator/project/, ...) took 198.3406ms
[debug]       Load.apply: load took 200.2779ms
[debug]       Load.apply: resolveProjects took 0.1105ms
[debug]       Load.apply: finalTransforms took 16.2289ms
[debug]       Load.apply: config.delegates took 0.4508ms
[debug]       Load.apply: Def.make(settings)... took 88.3649ms
[debug]       Load.apply: structureIndex took 43.3028ms
[debug]       Load.apply: mkStreams took 0.0033ms
[info] loading project definition from C:\Users\profa\Desktop\Scala\TSIS Week5 day2\Calculator\project
[debug] Running task... Cancel: Signal, check cycles: false, forcegc: true
[debug]     Load.loadUnit: plugins took 630.2592ms
[debug]     Load.loadUnit: defsScala took 0.0042ms
[debug] [Loading] Scanning directory C:\Users\profa\Desktop\Scala\TSIS Week5 day2\Calculator
[debug]       Load.loadUnit: mkEval took 0.3302ms
[debug] [Loading] Found non-root projects 
[debug] [Loading] Done in C:\Users\profa\Desktop\Scala\TSIS Week5 day2\Calculator, returning: ()
[debug] deducing auto plugins based on known facts Set(Atom(sbt.plugins.CorePlugin)) and clauses Clauses(List(Clause(Atom(sbt.plugins.JvmPlugin),Set(Atom(sbt.plugins.IvyPlugin))), Clause(Atom(sbt.ScriptedPlugin),Set(Atom(sbt.plugins.JvmPlugin))), Clause(Atom(sbt.plugins.SbtPlugin),Set(Atom(sbt.ScriptedPlugin))), Clause(Atom(sbt.plugins.SemanticdbPlugin),Set(Atom(sbt.plugins.JvmPlugin))), Clause(Atom(sbt.plugins.JUnitXmlReportPlugin),Set(Atom(sbt.plugins.JvmPlugin))), Clause(Atom(sbt.plugins.MiniDependencyTreePlugin),Set(Atom(sbt.plugins.JvmPlugin))), Clause(Atom(org.jetbrains.sbt.StructurePlugin),Set(Atom(sbt.plugins.JvmPlugin))), Clause(Atom(org.jetbrains.sbt.IdeaShellPlugin),Set(Atom(sbt.plugins.JvmPlugin))), Clause(Atom(org.jetbrains.sbt.indices.SbtIntellijIndicesPlugin),Set(Atom(sbt.plugins.JvmPlugin))), Clause(Atom(sbt.plugins.CorePlugin),Set(Atom(sbt.plugins.IvyPlugin))), Clause(Atom(sbt.plugins.IvyPlugin),Set(Atom(sbt.plugins.JvmPlugin))), Clause(Atom(sbt.plugins.JvmPlugin),Set(Atom(sbt.plugins.SemanticdbPlugin))), Clause(Atom(sbt.plugins.JvmPlugin),Set(Atom(sbt.plugins.JUnitXmlReportPlugin))), Clause(Atom(sbt.plugins.CorePlugin),Set(Atom(sbt.plugins.Giter8TemplatePlugin))), Clause(Atom(sbt.plugins.JvmPlugin),Set(Atom(sbt.plugins.MiniDependencyTreePlugin))), Clause(Atom(sbt.plugins.JvmPlugin),Set(Atom(org.jetbrains.sbt.StructurePlugin))), Clause(Atom(sbt.plugins.JvmPlugin),Set(Atom(org.jetbrains.sbt.IdeaShellPlugin))), Clause(And(Set(Atom(sbt.plugins.CorePlugin), Atom(sbt.plugins.JvmPlugin))),Set(Atom(org.jetbrains.sbt.indices.SbtIntellijIndicesPlugin)))))
[debug]   :: deduced result: Matched(sbt.plugins.CorePlugin,sbt.plugins.Giter8TemplatePlugin,sbt.plugins.IvyPlugin,sbt.plugins.JvmPlugin,sbt.plugins.SemanticdbPlugin,org.jetbrains.sbt.indices.SbtIntellijIndicesPlugin,sbt.plugins.JUnitXmlReportPlugin,org.jetbrains.sbt.IdeaShellPlugin,org.jetbrains.sbt.StructurePlugin,sbt.plugins.MiniDependencyTreePlugin)
[debug] Plugins.deducer#function took 2.751 ms
[info] loading settings for project calculator from build.sbt ...
[debug]         Load.resolveProject(calculator) took 43.3015ms
[debug]       Load.loadTransitive: finalizeProject(Project(id calculator, base: C:\Users\profa\Desktop\Scala\TSIS Week5 day2\Calculator, plugins: List(<none>))) took 47.3343ms
[debug] [Loading] Done in C:\Users\profa\Desktop\Scala\TSIS Week5 day2\Calculator, returning: (calculator)
[debug]     Load.loadUnit: loadedProjectsRaw took 138.5029ms
[debug]     Load.loadUnit: cleanEvalClasses took 5.3297ms
[debug]   Load.loadUnit(file:/C:/Users/profa/Desktop/Scala/TSIS%20Week5%20day2/Calculator/, ...) took 774.8539ms
[debug] Load.apply: load took 776.8933ms
[debug] Load.apply: resolveProjects took 0.1925ms
[debug] Load.apply: finalTransforms took 32.2636ms
[debug] Load.apply: config.delegates took 0.473ms
[debug] Load.apply: Def.make(settings)... took 108.1105ms
[debug] Load.apply: structureIndex took 31.1904ms
[debug] Load.apply: mkStreams took 0.0028ms
[info] set current project to Calculator (in build file:/C:/Users/profa/Desktop/Scala/TSIS%20Week5%20day2/Calculator/)
[debug] > Exec(sbtPopOnFailure, None, None)
[debug] > Exec(resumeFromFailure, None, None)
[debug] > Exec(notifyUsersAboutShell, None, None)
[debug] > Exec(iflast shell, None, None)
[debug] > Exec(; set ideaPort in Global := 49832 ; idea-shell, None, None)
[debug] > Exec(set ideaPort in Global := 49832, None, None)
[info] Defining Global / ideaPort
[info] The new value will be used by Compile / compile, Test / compile
[debug] Defining 
[debug] 	Global / ideaPort
[debug] 
[debug] The new value will be used by 
[debug] 	Compile / compile
[debug] 	Test / compile
[info] Reapplying settings...
[info] set current project to Calculator (in build file:/C:/Users/profa/Desktop/Scala/TSIS%20Week5%20day2/Calculator/)
[debug] > Exec(idea-shell, None, None)
