[debug] > Exec(run, None, None)
[debug] Evaluating tasks: Compile / run
[debug] Running task... Cancel: Signal, check cycles: false, forcegc: true
[info] compiling 3 Scala sources to C:\Users\profa\Desktop\Scala\TSIS Week5 day2\Calculator\target\scala-2.13\classes ...
[error] C:\Users\profa\Desktop\Scala\TSIS Week5 day2\Calculator\src\main\scala\Calculator.scala:41:22: not found: type Operation
[error]       var oper = new Operation {}
[error]                      ^
[error] C:\Users\profa\Desktop\Scala\TSIS Week5 day2\Calculator\src\main\scala\Calculator.scala:47:22: not found: type Plus
[error]           oper = new Plus(numbers(0).toDouble, numbers(x + 1).toDouble)
[error]                      ^
[error] C:\Users\profa\Desktop\Scala\TSIS Week5 day2\Calculator\src\main\scala\Calculator.scala:51:22: not found: type Minus
[error]           oper = new Minus(numbers(0).toDouble, numbers(x + 1).toDouble)
[error]                      ^
[error] C:\Users\profa\Desktop\Scala\TSIS Week5 day2\Calculator\src\main\scala\Calculator.scala:55:22: not found: type Multiply
[error]           oper = new Multiply(numbers(0).toDouble, numbers(x + 1).toDouble)
[error]                      ^
[error] C:\Users\profa\Desktop\Scala\TSIS Week5 day2\Calculator\src\main\scala\Calculator.scala:59:22: not found: type Divide
[error]           oper = new Divide(numbers(0).toDouble, numbers(x + 1).toDouble)
[error]                      ^
[error] 5 errors found
[error] (Compile / compileIncremental) Compilation failed
[error] Total time: 5 s, completed 11.03.2021 20:42:46
[debug] > Exec(idea-shell, None, None)
[debug] > Exec(, None, None)
[debug] > Exec(idea-shell, None, None)
