[debug] > Exec(early(addDefaultCommands), None, None)
[debug] > Exec(addDefaultCommands, None, None)
[debug] > Exec(early(initialize), None, None)
[debug] > Exec(initialize, None, None)
[debug] > Exec(early(addPluginSbtFile="""C:\Users\profa\AppData\Local\Temp\idea.sbt"""), None, None)
[debug] > Exec(addPluginSbtFile="""C:\Users\profa\AppData\Local\Temp\idea.sbt""", None, None)
[debug] > Exec(boot, None, None)
[debug] > Exec(writeSbtVersion, None, None)
[debug] > Exec(reload, None, None)
[debug] > Exec(sbtStashOnFailure, None, None)
[debug] > Exec(onFailure loadFailed, None, None)
[debug] > Exec(loadp, None, None)
[info] welcome to sbt 1.4.7 (Oracle Corporation Java 1.8.0_281)
[debug]       Load.loadUnit: plugins took 292.8935ms
[debug]       Load.loadUnit: defsScala took 0.5465ms
[debug] [Loading] Scanning directory C:\Users\profa\.sbt\1.0\plugins
[debug] [Loading] Found non-root projects 
[debug] [Loading] Done in C:\Users\profa\.sbt\1.0\plugins, returning: ()
[debug] deducing auto plugins based on known facts Set(Atom(sbt.plugins.CorePlugin)) and clauses Clauses(List(Clause(Atom(sbt.plugins.JvmPlugin),Set(Atom(sbt.plugins.IvyPlugin))), Clause(Atom(sbt.ScriptedPlugin),Set(Atom(sbt.plugins.JvmPlugin))), Clause(Atom(sbt.plugins.SbtPlugin),Set(Atom(sbt.ScriptedPlugin))), Clause(Atom(sbt.plugins.SemanticdbPlugin),Set(Atom(sbt.plugins.JvmPlugin))), Clause(Atom(sbt.plugins.JUnitXmlReportPlugin),Set(Atom(sbt.plugins.JvmPlugin))), Clause(Atom(sbt.plugins.MiniDependencyTreePlugin),Set(Atom(sbt.plugins.JvmPlugin))), Clause(Atom(sbt.plugins.CorePlugin),Set(Atom(sbt.plugins.IvyPlugin))), Clause(Atom(sbt.plugins.IvyPlugin),Set(Atom(sbt.plugins.JvmPlugin))), Clause(Atom(sbt.plugins.JvmPlugin),Set(Atom(sbt.plugins.SemanticdbPlugin))), Clause(Atom(sbt.plugins.JvmPlugin),Set(Atom(sbt.plugins.JUnitXmlReportPlugin))), Clause(Atom(sbt.plugins.CorePlugin),Set(Atom(sbt.plugins.Giter8TemplatePlugin))), Clause(Atom(sbt.plugins.JvmPlugin),Set(Atom(sbt.plugins.MiniDependencyTreePlugin)))))
[debug]   :: deduced result: Matched(sbt.plugins.CorePlugin,sbt.plugins.Giter8TemplatePlugin,sbt.plugins.IvyPlugin,sbt.plugins.JvmPlugin,sbt.plugins.MiniDependencyTreePlugin,sbt.plugins.JUnitXmlReportPlugin,sbt.plugins.SemanticdbPlugin)
[debug] Plugins.deducer#function took 26.9908 ms
[debug]           Load.resolveProject(global-plugins) took 69.6788ms
[debug]         Load.loadTransitive: finalizeProject(Project(id global-plugins, base: C:\Users\profa\.sbt\1.0\plugins, plugins: List(<none>))) took 141.4231ms
[debug] [Loading] Done in C:\Users\profa\.sbt\1.0\plugins, returning: (global-plugins)
[debug]       Load.loadUnit: loadedProjectsRaw took 173.4266ms
[debug]       Load.loadUnit: cleanEvalClasses took 0.3438ms
[debug]     Load.loadUnit(file:/C:/Users/profa/.sbt/1.0/plugins/, ...) took 477.325ms
[debug]   Load.apply: load took 690.6467ms
[debug]   Load.apply: resolveProjects took 7.8033ms
[debug]   Load.apply: finalTransforms took 80.0033ms
[debug]   Load.apply: config.delegates took 9.5149ms
[debug]   Load.apply: Def.make(settings)... took 1811.3209ms
[debug]   Load.apply: structureIndex took 135.4274ms
[debug]   Load.apply: mkStreams took 2.6593ms
[info] loading global plugins from C:\Users\profa\.sbt\1.0\plugins
[debug] Running task... Cancel: Signal, check cycles: false, forcegc: true
[debug] Load.defaultLoad until apply took 5207.2169ms
[debug]           Load.loadUnit: plugins took 31.1324ms
[debug]           Load.loadUnit: defsScala took 0.0039ms
[debug] [Loading] Scanning directory C:\Users\profa\Desktop\Scala\TSIS Week5 day2\Calculator\project
[debug]             Load.loadUnit: mkEval took 10.8078ms
[debug] [Loading] Found non-root projects 
[debug] [Loading] Done in C:\Users\profa\Desktop\Scala\TSIS Week5 day2\Calculator\project, returning: ()
[debug] deducing auto plugins based on known facts Set(Atom(sbt.plugins.CorePlugin)) and clauses Clauses(List(Clause(Atom(sbt.plugins.JvmPlugin),Set(Atom(sbt.plugins.IvyPlugin))), Clause(Atom(sbt.ScriptedPlugin),Set(Atom(sbt.plugins.JvmPlugin))), Clause(Atom(sbt.plugins.SbtPlugin),Set(Atom(sbt.ScriptedPlugin))), Clause(Atom(sbt.plugins.SemanticdbPlugin),Set(Atom(sbt.plugins.JvmPlugin))), Clause(Atom(sbt.plugins.JUnitXmlReportPlugin),Set(Atom(sbt.plugins.JvmPlugin))), Clause(Atom(sbt.plugins.MiniDependencyTreePlugin),Set(Atom(sbt.plugins.JvmPlugin))), Clause(Atom(sbt.plugins.CorePlugin),Set(Atom(sbt.plugins.IvyPlugin))), Clause(Atom(sbt.plugins.IvyPlugin),Set(Atom(sbt.plugins.JvmPlugin))), Clause(Atom(sbt.plugins.JvmPlugin),Set(Atom(sbt.plugins.SemanticdbPlugin))), Clause(Atom(sbt.plugins.JvmPlugin),Set(Atom(sbt.plugins.JUnitXmlReportPlugin))), Clause(Atom(sbt.plugins.CorePlugin),Set(Atom(sbt.plugins.Giter8TemplatePlugin))), Clause(Atom(sbt.plugins.JvmPlugin),Set(Atom(sbt.plugins.MiniDependencyTreePlugin)))))
[debug]   :: deduced result: Matched(sbt.plugins.CorePlugin,sbt.plugins.Giter8TemplatePlugin,sbt.plugins.IvyPlugin,sbt.plugins.JvmPlugin,sbt.plugins.MiniDependencyTreePlugin,sbt.plugins.JUnitXmlReportPlugin,sbt.plugins.SemanticdbPlugin)
[debug] Plugins.deducer#function took 2.1518 ms
[info] loading settings for project calculator-build from idea.sbt ...
[debug]               Load.resolveProject(calculator-build) took 13.8015ms
[debug]             Load.loadTransitive: finalizeProject(Project(id calculator-build, base: C:\Users\profa\Desktop\Scala\TSIS Week5 day2\Calculator\project, plugins: List(<none>))) took 16.6054ms
[debug] [Loading] Done in C:\Users\profa\Desktop\Scala\TSIS Week5 day2\Calculator\project, returning: (calculator-build)
[debug]           Load.loadUnit: loadedProjectsRaw took 2747.2995ms
[debug]           Load.loadUnit: cleanEvalClasses took 5.3425ms
[debug]         Load.loadUnit(file:/C:/Users/profa/Desktop/Scala/TSIS%20Week5%20day2/Calculator/project/, ...) took 2785.3907ms
[debug]       Load.apply: load took 2787.2588ms
[debug]       Load.apply: resolveProjects took 0.1142ms
[debug]       Load.apply: finalTransforms took 10.7455ms
[debug]       Load.apply: config.delegates took 0.6829ms
[debug]       Load.apply: Def.make(settings)... took 99.7751ms
[debug]       Load.apply: structureIndex took 35.6998ms
[debug]       Load.apply: mkStreams took 0.0023ms
[info] loading project definition from C:\Users\profa\Desktop\Scala\TSIS Week5 day2\Calculator\project
[debug] Running task... Cancel: Signal, check cycles: false, forcegc: true
[debug]     Load.loadUnit: plugins took 4675.1079ms
[debug]     Load.loadUnit: defsScala took 0.0029ms
[debug] [Loading] Scanning directory C:\Users\profa\Desktop\Scala\TSIS Week5 day2\Calculator
[debug]       Load.loadUnit: mkEval took 0.2533ms
[debug] [Loading] Found non-root projects 
[debug] [Loading] Done in C:\Users\profa\Desktop\Scala\TSIS Week5 day2\Calculator, returning: ()
[debug] deducing auto plugins based on known facts Set(Atom(sbt.plugins.CorePlugin)) and clauses Clauses(List(Clause(Atom(sbt.plugins.JvmPlugin),Set(Atom(sbt.plugins.IvyPlugin))), Clause(Atom(sbt.ScriptedPlugin),Set(Atom(sbt.plugins.JvmPlugin))), Clause(Atom(sbt.plugins.SbtPlugin),Set(Atom(sbt.ScriptedPlugin))), Clause(Atom(sbt.plugins.SemanticdbPlugin),Set(Atom(sbt.plugins.JvmPlugin))), Clause(Atom(sbt.plugins.JUnitXmlReportPlugin),Set(Atom(sbt.plugins.JvmPlugin))), Clause(Atom(sbt.plugins.MiniDependencyTreePlugin),Set(Atom(sbt.plugins.JvmPlugin))), Clause(Atom(org.jetbrains.sbt.StructurePlugin),Set(Atom(sbt.plugins.JvmPlugin))), Clause(Atom(org.jetbrains.sbt.IdeaShellPlugin),Set(Atom(sbt.plugins.JvmPlugin))), Clause(Atom(org.jetbrains.sbt.indices.SbtIntellijIndicesPlugin),Set(Atom(sbt.plugins.JvmPlugin))), Clause(Atom(sbt.plugins.CorePlugin),Set(Atom(sbt.plugins.IvyPlugin))), Clause(Atom(sbt.plugins.IvyPlugin),Set(Atom(sbt.plugins.JvmPlugin))), Clause(Atom(sbt.plugins.JvmPlugin),Set(Atom(sbt.plugins.SemanticdbPlugin))), Clause(Atom(sbt.plugins.JvmPlugin),Set(Atom(sbt.plugins.JUnitXmlReportPlugin))), Clause(Atom(sbt.plugins.CorePlugin),Set(Atom(sbt.plugins.Giter8TemplatePlugin))), Clause(Atom(sbt.plugins.JvmPlugin),Set(Atom(sbt.plugins.MiniDependencyTreePlugin))), Clause(Atom(sbt.plugins.JvmPlugin),Set(Atom(org.jetbrains.sbt.StructurePlugin))), Clause(Atom(sbt.plugins.JvmPlugin),Set(Atom(org.jetbrains.sbt.IdeaShellPlugin))), Clause(And(Set(Atom(sbt.plugins.CorePlugin), Atom(sbt.plugins.JvmPlugin))),Set(Atom(org.jetbrains.sbt.indices.SbtIntellijIndicesPlugin)))))
[debug]   :: deduced result: Matched(sbt.plugins.CorePlugin,sbt.plugins.Giter8TemplatePlugin,sbt.plugins.IvyPlugin,sbt.plugins.JvmPlugin,sbt.plugins.SemanticdbPlugin,org.jetbrains.sbt.indices.SbtIntellijIndicesPlugin,sbt.plugins.JUnitXmlReportPlugin,org.jetbrains.sbt.IdeaShellPlugin,org.jetbrains.sbt.StructurePlugin,sbt.plugins.MiniDependencyTreePlugin)
[debug] Plugins.deducer#function took 3.0083 ms
[info] loading settings for project calculator from build.sbt ...
[debug]         Load.resolveProject(calculator) took 48.9425ms
[debug]       Load.loadTransitive: finalizeProject(Project(id calculator, base: C:\Users\profa\Desktop\Scala\TSIS Week5 day2\Calculator, plugins: List(<none>))) took 53.8357ms
[debug] [Loading] Done in C:\Users\profa\Desktop\Scala\TSIS Week5 day2\Calculator, returning: (calculator)
[debug]     Load.loadUnit: loadedProjectsRaw took 1614.5133ms
[debug]     Load.loadUnit: cleanEvalClasses took 19.683ms
[debug]   Load.loadUnit(file:/C:/Users/profa/Desktop/Scala/TSIS%20Week5%20day2/Calculator/, ...) took 6310.1251ms
[debug] Load.apply: load took 6312.5639ms
[debug] Load.apply: resolveProjects took 0.145ms
[debug] Load.apply: finalTransforms took 30.9098ms
[debug] Load.apply: config.delegates took 0.4517ms
[debug] Load.apply: Def.make(settings)... took 103.0609ms
[debug] Load.apply: structureIndex took 29.4367ms
[debug] Load.apply: mkStreams took 0.0028ms
[info] set current project to Calculator (in build file:/C:/Users/profa/Desktop/Scala/TSIS%20Week5%20day2/Calculator/)
[debug] > Exec(sbtPopOnFailure, None, None)
[debug] > Exec(resumeFromFailure, None, None)
[debug] > Exec(notifyUsersAboutShell, None, None)
[debug] > Exec(iflast shell, None, None)
[debug] > Exec(; set ideaPort in Global := 49832 ; idea-shell, None, None)
[debug] > Exec(set ideaPort in Global := 49832, None, None)
[info] Defining Global / ideaPort
[info] The new value will be used by Compile / compile, Test / compile
[debug] Defining 
[debug] 	Global / ideaPort
[debug] 
[debug] The new value will be used by 
[debug] 	Compile / compile
[debug] 	Test / compile
[info] Reapplying settings...
[info] set current project to Calculator (in build file:/C:/Users/profa/Desktop/Scala/TSIS%20Week5%20day2/Calculator/)
[debug] > Exec(idea-shell, None, None)
