[debug] > Exec(early(addDefaultCommands), None, None)
[debug] > Exec(addDefaultCommands, None, None)
[debug] > Exec(early(initialize), None, None)
[debug] > Exec(initialize, None, None)
[debug] > Exec(early(addPluginSbtFile="""C:\Users\profa\AppData\Local\Temp\idea1.sbt"""), None, None)
[debug] > Exec(addPluginSbtFile="""C:\Users\profa\AppData\Local\Temp\idea1.sbt""", None, None)
[debug] > Exec(boot, None, None)
[debug] > Exec(writeSbtVersion, None, None)
[debug] > Exec(reload, None, None)
[debug] > Exec(sbtStashOnFailure, None, None)
[debug] > Exec(onFailure loadFailed, None, None)
[debug] > Exec(loadp, None, None)
[info] welcome to sbt 1.4.7 (Oracle Corporation Java 1.8.0_281)
[debug]       Load.loadUnit: plugins took 146.3113ms
[debug]       Load.loadUnit: defsScala took 0.3918ms
[debug] [Loading] Scanning directory C:\Users\profa\.sbt\1.0\plugins
[debug] [Loading] Found non-root projects 
[debug] [Loading] Done in C:\Users\profa\.sbt\1.0\plugins, returning: ()
[debug] deducing auto plugins based on known facts Set(Atom(sbt.plugins.CorePlugin)) and clauses Clauses(List(Clause(Atom(sbt.plugins.JvmPlugin),Set(Atom(sbt.plugins.IvyPlugin))), Clause(Atom(sbt.ScriptedPlugin),Set(Atom(sbt.plugins.JvmPlugin))), Clause(Atom(sbt.plugins.SbtPlugin),Set(Atom(sbt.ScriptedPlugin))), Clause(Atom(sbt.plugins.SemanticdbPlugin),Set(Atom(sbt.plugins.JvmPlugin))), Clause(Atom(sbt.plugins.JUnitXmlReportPlugin),Set(Atom(sbt.plugins.JvmPlugin))), Clause(Atom(sbt.plugins.MiniDependencyTreePlugin),Set(Atom(sbt.plugins.JvmPlugin))), Clause(Atom(sbt.plugins.CorePlugin),Set(Atom(sbt.plugins.IvyPlugin))), Clause(Atom(sbt.plugins.IvyPlugin),Set(Atom(sbt.plugins.JvmPlugin))), Clause(Atom(sbt.plugins.JvmPlugin),Set(Atom(sbt.plugins.SemanticdbPlugin))), Clause(Atom(sbt.plugins.JvmPlugin),Set(Atom(sbt.plugins.JUnitXmlReportPlugin))), Clause(Atom(sbt.plugins.CorePlugin),Set(Atom(sbt.plugins.Giter8TemplatePlugin))), Clause(Atom(sbt.plugins.JvmPlugin),Set(Atom(sbt.plugins.MiniDependencyTreePlugin)))))
[debug]   :: deduced result: Matched(sbt.plugins.CorePlugin,sbt.plugins.Giter8TemplatePlugin,sbt.plugins.IvyPlugin,sbt.plugins.JvmPlugin,sbt.plugins.MiniDependencyTreePlugin,sbt.plugins.JUnitXmlReportPlugin,sbt.plugins.SemanticdbPlugin)
[debug] Plugins.deducer#function took 29.9741 ms
[debug]           Load.resolveProject(global-plugins) took 59.2607ms
[debug]         Load.loadTransitive: finalizeProject(Project(id global-plugins, base: C:\Users\profa\.sbt\1.0\plugins, plugins: List(<none>))) took 125.5996ms
[debug] [Loading] Done in C:\Users\profa\.sbt\1.0\plugins, returning: (global-plugins)
[debug]       Load.loadUnit: loadedProjectsRaw took 155.3917ms
[debug]       Load.loadUnit: cleanEvalClasses took 0.3111ms
[debug]     Load.loadUnit(file:/C:/Users/profa/.sbt/1.0/plugins/, ...) took 311.7418ms
[debug]   Load.apply: load took 511.4632ms
[debug]   Load.apply: resolveProjects took 8.7003ms
[debug]   Load.apply: finalTransforms took 84.3077ms
[debug]   Load.apply: config.delegates took 12.4502ms
[debug]   Load.apply: Def.make(settings)... took 957.5522ms
[debug]   Load.apply: structureIndex took 139.572ms
[debug]   Load.apply: mkStreams took 2.3081ms
[info] loading global plugins from C:\Users\profa\.sbt\1.0\plugins
[debug] Running task... Cancel: Signal, check cycles: false, forcegc: true
[debug] Load.defaultLoad until apply took 4111.0576ms
[debug]           Load.loadUnit: plugins took 27.8818ms
[debug]           Load.loadUnit: defsScala took 0.0047ms
[debug] [Loading] Scanning directory C:\Users\profa\Desktop\Scala\TSIS Week5 day2\project
[debug]             Load.loadUnit: mkEval took 8.6968ms
[debug] [Loading] Found non-root projects 
[debug] [Loading] Done in C:\Users\profa\Desktop\Scala\TSIS Week5 day2\project, returning: ()
[debug] deducing auto plugins based on known facts Set(Atom(sbt.plugins.CorePlugin)) and clauses Clauses(List(Clause(Atom(sbt.plugins.JvmPlugin),Set(Atom(sbt.plugins.IvyPlugin))), Clause(Atom(sbt.ScriptedPlugin),Set(Atom(sbt.plugins.JvmPlugin))), Clause(Atom(sbt.plugins.SbtPlugin),Set(Atom(sbt.ScriptedPlugin))), Clause(Atom(sbt.plugins.SemanticdbPlugin),Set(Atom(sbt.plugins.JvmPlugin))), Clause(Atom(sbt.plugins.JUnitXmlReportPlugin),Set(Atom(sbt.plugins.JvmPlugin))), Clause(Atom(sbt.plugins.MiniDependencyTreePlugin),Set(Atom(sbt.plugins.JvmPlugin))), Clause(Atom(sbt.plugins.CorePlugin),Set(Atom(sbt.plugins.IvyPlugin))), Clause(Atom(sbt.plugins.IvyPlugin),Set(Atom(sbt.plugins.JvmPlugin))), Clause(Atom(sbt.plugins.JvmPlugin),Set(Atom(sbt.plugins.SemanticdbPlugin))), Clause(Atom(sbt.plugins.JvmPlugin),Set(Atom(sbt.plugins.JUnitXmlReportPlugin))), Clause(Atom(sbt.plugins.CorePlugin),Set(Atom(sbt.plugins.Giter8TemplatePlugin))), Clause(Atom(sbt.plugins.JvmPlugin),Set(Atom(sbt.plugins.MiniDependencyTreePlugin)))))
[debug]   :: deduced result: Matched(sbt.plugins.CorePlugin,sbt.plugins.Giter8TemplatePlugin,sbt.plugins.IvyPlugin,sbt.plugins.JvmPlugin,sbt.plugins.MiniDependencyTreePlugin,sbt.plugins.JUnitXmlReportPlugin,sbt.plugins.SemanticdbPlugin)
[debug] Plugins.deducer#function took 2.5092 ms
[info] loading settings for project tsis-week5-day2-build from idea1.sbt ...
[debug]               Load.resolveProject(tsis-week5-day2-build) took 4.0171ms
[debug]             Load.loadTransitive: finalizeProject(Project(id tsis-week5-day2-build, base: C:\Users\profa\Desktop\Scala\TSIS Week5 day2\project, plugins: List(<none>))) took 7.1591ms
[debug] [Loading] Done in C:\Users\profa\Desktop\Scala\TSIS Week5 day2\project, returning: (tsis-week5-day2-build)
[debug]           Load.loadUnit: loadedProjectsRaw took 167.9945ms
[debug]           Load.loadUnit: cleanEvalClasses took 5.348ms
[debug]         Load.loadUnit(file:/C:/Users/profa/Desktop/Scala/TSIS%20Week5%20day2/project/, ...) took 202.5947ms
[debug]       Load.apply: load took 204.7346ms
[debug]       Load.apply: resolveProjects took 0.1106ms
[debug]       Load.apply: finalTransforms took 10.6971ms
[debug]       Load.apply: config.delegates took 0.5953ms
[debug]       Load.apply: Def.make(settings)... took 92.9956ms
[debug]       Load.apply: structureIndex took 36.2277ms
[debug]       Load.apply: mkStreams took 0.0028ms
[info] loading project definition from C:\Users\profa\Desktop\Scala\TSIS Week5 day2\project
[debug] Running task... Cancel: Signal, check cycles: false, forcegc: true
[debug]     Load.loadUnit: plugins took 644.1339ms
[debug]     Load.loadUnit: defsScala took 0.0038ms
[debug] [Loading] Scanning directory C:\Users\profa\Desktop\Scala\TSIS Week5 day2
[debug]       Load.loadUnit: mkEval took 0.3384ms
[debug] [Loading] Found non-root projects 
[debug] [Loading] Done in C:\Users\profa\Desktop\Scala\TSIS Week5 day2, returning: ()
[debug] deducing auto plugins based on known facts Set(Atom(sbt.plugins.CorePlugin)) and clauses Clauses(List(Clause(Atom(sbt.plugins.JvmPlugin),Set(Atom(sbt.plugins.IvyPlugin))), Clause(Atom(sbt.ScriptedPlugin),Set(Atom(sbt.plugins.JvmPlugin))), Clause(Atom(sbt.plugins.SbtPlugin),Set(Atom(sbt.ScriptedPlugin))), Clause(Atom(sbt.plugins.SemanticdbPlugin),Set(Atom(sbt.plugins.JvmPlugin))), Clause(Atom(sbt.plugins.JUnitXmlReportPlugin),Set(Atom(sbt.plugins.JvmPlugin))), Clause(Atom(sbt.plugins.MiniDependencyTreePlugin),Set(Atom(sbt.plugins.JvmPlugin))), Clause(Atom(org.jetbrains.sbt.StructurePlugin),Set(Atom(sbt.plugins.JvmPlugin))), Clause(Atom(org.jetbrains.sbt.IdeaShellPlugin),Set(Atom(sbt.plugins.JvmPlugin))), Clause(Atom(org.jetbrains.sbt.indices.SbtIntellijIndicesPlugin),Set(Atom(sbt.plugins.JvmPlugin))), Clause(Atom(sbt.plugins.CorePlugin),Set(Atom(sbt.plugins.IvyPlugin))), Clause(Atom(sbt.plugins.IvyPlugin),Set(Atom(sbt.plugins.JvmPlugin))), Clause(Atom(sbt.plugins.JvmPlugin),Set(Atom(sbt.plugins.SemanticdbPlugin))), Clause(Atom(sbt.plugins.JvmPlugin),Set(Atom(sbt.plugins.JUnitXmlReportPlugin))), Clause(Atom(sbt.plugins.CorePlugin),Set(Atom(sbt.plugins.Giter8TemplatePlugin))), Clause(Atom(sbt.plugins.JvmPlugin),Set(Atom(sbt.plugins.MiniDependencyTreePlugin))), Clause(Atom(sbt.plugins.JvmPlugin),Set(Atom(org.jetbrains.sbt.StructurePlugin))), Clause(Atom(sbt.plugins.JvmPlugin),Set(Atom(org.jetbrains.sbt.IdeaShellPlugin))), Clause(And(Set(Atom(sbt.plugins.CorePlugin), Atom(sbt.plugins.JvmPlugin))),Set(Atom(org.jetbrains.sbt.indices.SbtIntellijIndicesPlugin)))))
[debug]   :: deduced result: Matched(sbt.plugins.CorePlugin,sbt.plugins.Giter8TemplatePlugin,sbt.plugins.IvyPlugin,sbt.plugins.JvmPlugin,sbt.plugins.SemanticdbPlugin,org.jetbrains.sbt.indices.SbtIntellijIndicesPlugin,sbt.plugins.JUnitXmlReportPlugin,org.jetbrains.sbt.IdeaShellPlugin,org.jetbrains.sbt.StructurePlugin,sbt.plugins.MiniDependencyTreePlugin)
[debug] Plugins.deducer#function took 3.0439 ms
[info] loading settings for project tsis-week5-day2 from build.sbt ...
[debug]         Load.resolveProject(tsis-week5-day2) took 33.2102ms
[debug]       Load.loadTransitive: finalizeProject(Project(id tsis-week5-day2, base: C:\Users\profa\Desktop\Scala\TSIS Week5 day2, plugins: List(<none>))) took 37.556ms
[debug] [Loading] Done in C:\Users\profa\Desktop\Scala\TSIS Week5 day2, returning: (tsis-week5-day2)
[debug]     Load.loadUnit: loadedProjectsRaw took 137.2323ms
[debug]     Load.loadUnit: cleanEvalClasses took 5.5033ms
[debug]   Load.loadUnit(file:/C:/Users/profa/Desktop/Scala/TSIS%20Week5%20day2/, ...) took 787.7008ms
[debug] Load.apply: load took 789.3955ms
[debug] Load.apply: resolveProjects took 0.1214ms
[debug] Load.apply: finalTransforms took 25.0992ms
[debug] Load.apply: config.delegates took 0.4617ms
[debug] Load.apply: Def.make(settings)... took 98.7212ms
[debug] Load.apply: structureIndex took 26.1322ms
[debug] Load.apply: mkStreams took 0.0031ms
[info] set current project to TSIS Week5 day2 (in build file:/C:/Users/profa/Desktop/Scala/TSIS%20Week5%20day2/)
[debug] > Exec(sbtPopOnFailure, None, None)
[debug] > Exec(resumeFromFailure, None, None)
[debug] > Exec(notifyUsersAboutShell, None, None)
[debug] > Exec(iflast shell, None, None)
[debug] > Exec(; set ideaPort in Global := 55656 ; idea-shell, None, None)
[debug] > Exec(set ideaPort in Global := 55656, None, None)
[info] Defining Global / ideaPort
[info] The new value will be used by Compile / compile, Test / compile
[debug] Defining 
[debug] 	Global / ideaPort
[debug] 
[debug] The new value will be used by 
[debug] 	Compile / compile
[debug] 	Test / compile
[info] Reapplying settings...
[info] set current project to TSIS Week5 day2 (in build file:/C:/Users/profa/Desktop/Scala/TSIS%20Week5%20day2/)
[debug] > Exec(idea-shell, None, None)
