[debug] > Exec(early(addDefaultCommands), None, None)
[debug] > Exec(addDefaultCommands, None, None)
[debug] > Exec(early(initialize), None, None)
[debug] > Exec(initialize, None, None)
[debug] > Exec(early(addPluginSbtFile="""C:\Users\profa\AppData\Local\Temp\idea10.sbt"""), None, None)
[debug] > Exec(addPluginSbtFile="""C:\Users\profa\AppData\Local\Temp\idea10.sbt""", None, None)
[debug] > Exec(boot, None, None)
[debug] > Exec(writeSbtVersion, None, None)
[debug] > Exec(reload, None, None)
[debug] > Exec(sbtStashOnFailure, None, None)
[debug] > Exec(onFailure loadFailed, None, None)
[debug] > Exec(loadp, None, None)
[info] welcome to sbt 1.4.7 (Oracle Corporation Java 1.8.0_281)
[debug]       Load.loadUnit: plugins took 117.5803ms
[debug]       Load.loadUnit: defsScala took 0.3693ms
[debug] [Loading] Scanning directory C:\Users\profa\.sbt\1.0\plugins
[debug] [Loading] Found non-root projects 
[debug] [Loading] Done in C:\Users\profa\.sbt\1.0\plugins, returning: ()
[debug] deducing auto plugins based on known facts Set(Atom(sbt.plugins.CorePlugin)) and clauses Clauses(List(Clause(Atom(sbt.plugins.JvmPlugin),Set(Atom(sbt.plugins.IvyPlugin))), Clause(Atom(sbt.ScriptedPlugin),Set(Atom(sbt.plugins.JvmPlugin))), Clause(Atom(sbt.plugins.SbtPlugin),Set(Atom(sbt.ScriptedPlugin))), Clause(Atom(sbt.plugins.SemanticdbPlugin),Set(Atom(sbt.plugins.JvmPlugin))), Clause(Atom(sbt.plugins.JUnitXmlReportPlugin),Set(Atom(sbt.plugins.JvmPlugin))), Clause(Atom(sbt.plugins.MiniDependencyTreePlugin),Set(Atom(sbt.plugins.JvmPlugin))), Clause(Atom(sbt.plugins.CorePlugin),Set(Atom(sbt.plugins.IvyPlugin))), Clause(Atom(sbt.plugins.IvyPlugin),Set(Atom(sbt.plugins.JvmPlugin))), Clause(Atom(sbt.plugins.JvmPlugin),Set(Atom(sbt.plugins.SemanticdbPlugin))), Clause(Atom(sbt.plugins.JvmPlugin),Set(Atom(sbt.plugins.JUnitXmlReportPlugin))), Clause(Atom(sbt.plugins.CorePlugin),Set(Atom(sbt.plugins.Giter8TemplatePlugin))), Clause(Atom(sbt.plugins.JvmPlugin),Set(Atom(sbt.plugins.MiniDependencyTreePlugin)))))
[debug]   :: deduced result: Matched(sbt.plugins.CorePlugin,sbt.plugins.Giter8TemplatePlugin,sbt.plugins.IvyPlugin,sbt.plugins.JvmPlugin,sbt.plugins.MiniDependencyTreePlugin,sbt.plugins.JUnitXmlReportPlugin,sbt.plugins.SemanticdbPlugin)
[debug] Plugins.deducer#function took 31.5838 ms
[debug]           Load.resolveProject(global-plugins) took 56.4744ms
[debug]         Load.loadTransitive: finalizeProject(Project(id global-plugins, base: C:\Users\profa\.sbt\1.0\plugins, plugins: List(<none>))) took 123.8675ms
[debug] [Loading] Done in C:\Users\profa\.sbt\1.0\plugins, returning: (global-plugins)
[debug]       Load.loadUnit: loadedProjectsRaw took 148.5494ms
[debug]       Load.loadUnit: cleanEvalClasses took 0.3222ms
[debug]     Load.loadUnit(file:/C:/Users/profa/.sbt/1.0/plugins/, ...) took 275.6606ms
[debug]   Load.apply: load took 448.1776ms
[debug]   Load.apply: resolveProjects took 8.1034ms
[debug]   Load.apply: finalTransforms took 72.5865ms
[debug]   Load.apply: config.delegates took 9.9687ms
[debug]   Load.apply: Def.make(settings)... took 929.0519ms
[debug]   Load.apply: structureIndex took 134.1362ms
[debug]   Load.apply: mkStreams took 2.708ms
[info] loading global plugins from C:\Users\profa\.sbt\1.0\plugins
[debug] Running task... Cancel: Signal, check cycles: false, forcegc: true
[debug] Load.defaultLoad until apply took 3921.5954ms
[debug]           Load.loadUnit: plugins took 29.5401ms
[debug]           Load.loadUnit: defsScala took 0.0069ms
[debug] [Loading] Scanning directory C:\Users\profa\Desktop\Scala\TSIS Week5 day2\project
[debug]             Load.loadUnit: mkEval took 9.3579ms
[debug] [Loading] Found non-root projects 
[debug] [Loading] Done in C:\Users\profa\Desktop\Scala\TSIS Week5 day2\project, returning: ()
[debug] deducing auto plugins based on known facts Set(Atom(sbt.plugins.CorePlugin)) and clauses Clauses(List(Clause(Atom(sbt.plugins.JvmPlugin),Set(Atom(sbt.plugins.IvyPlugin))), Clause(Atom(sbt.ScriptedPlugin),Set(Atom(sbt.plugins.JvmPlugin))), Clause(Atom(sbt.plugins.SbtPlugin),Set(Atom(sbt.ScriptedPlugin))), Clause(Atom(sbt.plugins.SemanticdbPlugin),Set(Atom(sbt.plugins.JvmPlugin))), Clause(Atom(sbt.plugins.JUnitXmlReportPlugin),Set(Atom(sbt.plugins.JvmPlugin))), Clause(Atom(sbt.plugins.MiniDependencyTreePlugin),Set(Atom(sbt.plugins.JvmPlugin))), Clause(Atom(sbt.plugins.CorePlugin),Set(Atom(sbt.plugins.IvyPlugin))), Clause(Atom(sbt.plugins.IvyPlugin),Set(Atom(sbt.plugins.JvmPlugin))), Clause(Atom(sbt.plugins.JvmPlugin),Set(Atom(sbt.plugins.SemanticdbPlugin))), Clause(Atom(sbt.plugins.JvmPlugin),Set(Atom(sbt.plugins.JUnitXmlReportPlugin))), Clause(Atom(sbt.plugins.CorePlugin),Set(Atom(sbt.plugins.Giter8TemplatePlugin))), Clause(Atom(sbt.plugins.JvmPlugin),Set(Atom(sbt.plugins.MiniDependencyTreePlugin)))))
[debug]   :: deduced result: Matched(sbt.plugins.CorePlugin,sbt.plugins.Giter8TemplatePlugin,sbt.plugins.IvyPlugin,sbt.plugins.JvmPlugin,sbt.plugins.MiniDependencyTreePlugin,sbt.plugins.JUnitXmlReportPlugin,sbt.plugins.SemanticdbPlugin)
[debug] Plugins.deducer#function took 2.6946 ms
[info] loading settings for project tsis-week5-day2-build from idea10.sbt ...
[debug]               Load.resolveProject(tsis-week5-day2-build) took 9.8643ms
[debug]             Load.loadTransitive: finalizeProject(Project(id tsis-week5-day2-build, base: C:\Users\profa\Desktop\Scala\TSIS Week5 day2\project, plugins: List(<none>))) took 13.284ms
[debug] [Loading] Done in C:\Users\profa\Desktop\Scala\TSIS Week5 day2\project, returning: (tsis-week5-day2-build)
[debug]           Load.loadUnit: loadedProjectsRaw took 208.338ms
[debug]           Load.loadUnit: cleanEvalClasses took 7.2166ms
[debug]         Load.loadUnit(file:/C:/Users/profa/Desktop/Scala/TSIS%20Week5%20day2/project/, ...) took 246.7826ms
[debug]       Load.apply: load took 248.9279ms
[debug]       Load.apply: resolveProjects took 0.1462ms
[debug]       Load.apply: finalTransforms took 12.6042ms
[debug]       Load.apply: config.delegates took 0.5581ms
[debug]       Load.apply: Def.make(settings)... took 111.2839ms
[debug]       Load.apply: structureIndex took 34.9166ms
[debug]       Load.apply: mkStreams took 0.0028ms
[info] loading project definition from C:\Users\profa\Desktop\Scala\TSIS Week5 day2\project
[debug] Running task... Cancel: Signal, check cycles: false, forcegc: true
[debug]     Load.loadUnit: plugins took 737.5312ms
[debug]     Load.loadUnit: defsScala took 0.0032ms
[debug] [Loading] Scanning directory C:\Users\profa\Desktop\Scala\TSIS Week5 day2
[debug]       Load.loadUnit: mkEval took 0.3057ms
[debug] [Loading] Found non-root projects 
[debug] [Loading] Done in C:\Users\profa\Desktop\Scala\TSIS Week5 day2, returning: ()
[debug] deducing auto plugins based on known facts Set(Atom(sbt.plugins.CorePlugin)) and clauses Clauses(List(Clause(Atom(sbt.plugins.JvmPlugin),Set(Atom(sbt.plugins.IvyPlugin))), Clause(Atom(sbt.ScriptedPlugin),Set(Atom(sbt.plugins.JvmPlugin))), Clause(Atom(sbt.plugins.SbtPlugin),Set(Atom(sbt.ScriptedPlugin))), Clause(Atom(sbt.plugins.SemanticdbPlugin),Set(Atom(sbt.plugins.JvmPlugin))), Clause(Atom(sbt.plugins.JUnitXmlReportPlugin),Set(Atom(sbt.plugins.JvmPlugin))), Clause(Atom(sbt.plugins.MiniDependencyTreePlugin),Set(Atom(sbt.plugins.JvmPlugin))), Clause(Atom(org.jetbrains.sbt.StructurePlugin),Set(Atom(sbt.plugins.JvmPlugin))), Clause(Atom(org.jetbrains.sbt.IdeaShellPlugin),Set(Atom(sbt.plugins.JvmPlugin))), Clause(Atom(org.jetbrains.sbt.indices.SbtIntellijIndicesPlugin),Set(Atom(sbt.plugins.JvmPlugin))), Clause(Atom(sbt.plugins.CorePlugin),Set(Atom(sbt.plugins.IvyPlugin))), Clause(Atom(sbt.plugins.IvyPlugin),Set(Atom(sbt.plugins.JvmPlugin))), Clause(Atom(sbt.plugins.JvmPlugin),Set(Atom(sbt.plugins.SemanticdbPlugin))), Clause(Atom(sbt.plugins.JvmPlugin),Set(Atom(sbt.plugins.JUnitXmlReportPlugin))), Clause(Atom(sbt.plugins.CorePlugin),Set(Atom(sbt.plugins.Giter8TemplatePlugin))), Clause(Atom(sbt.plugins.JvmPlugin),Set(Atom(sbt.plugins.MiniDependencyTreePlugin))), Clause(Atom(sbt.plugins.JvmPlugin),Set(Atom(org.jetbrains.sbt.StructurePlugin))), Clause(Atom(sbt.plugins.JvmPlugin),Set(Atom(org.jetbrains.sbt.IdeaShellPlugin))), Clause(And(Set(Atom(sbt.plugins.CorePlugin), Atom(sbt.plugins.JvmPlugin))),Set(Atom(org.jetbrains.sbt.indices.SbtIntellijIndicesPlugin)))))
[debug]   :: deduced result: Matched(sbt.plugins.CorePlugin,sbt.plugins.Giter8TemplatePlugin,sbt.plugins.IvyPlugin,sbt.plugins.JvmPlugin,sbt.plugins.SemanticdbPlugin,org.jetbrains.sbt.indices.SbtIntellijIndicesPlugin,sbt.plugins.JUnitXmlReportPlugin,org.jetbrains.sbt.IdeaShellPlugin,org.jetbrains.sbt.StructurePlugin,sbt.plugins.MiniDependencyTreePlugin)
[debug] Plugins.deducer#function took 2.5377 ms
[info] loading settings for project tsis-week5-day2 from build.sbt ...
[debug]         Load.resolveProject(tsis-week5-day2) took 39.9126ms
[debug]       Load.loadTransitive: finalizeProject(Project(id tsis-week5-day2, base: C:\Users\profa\Desktop\Scala\TSIS Week5 day2, plugins: List(<none>))) took 43.9859ms
[debug] [Loading] Done in C:\Users\profa\Desktop\Scala\TSIS Week5 day2, returning: (tsis-week5-day2)
[debug]     Load.loadUnit: loadedProjectsRaw took 139.8421ms
[debug]     Load.loadUnit: cleanEvalClasses took 5.4802ms
[debug]   Load.loadUnit(file:/C:/Users/profa/Desktop/Scala/TSIS%20Week5%20day2/, ...) took 883.5772ms
[debug] Load.apply: load took 885.3974ms
[debug] Load.apply: resolveProjects took 0.108ms
[debug] Load.apply: finalTransforms took 27.6696ms
[debug] Load.apply: config.delegates took 0.516ms
[debug] Load.apply: Def.make(settings)... took 115.478ms
[debug] Load.apply: structureIndex took 34.2911ms
[debug] Load.apply: mkStreams took 0.0026ms
[info] set current project to TSIS Week5 day2 (in build file:/C:/Users/profa/Desktop/Scala/TSIS%20Week5%20day2/)
[debug] > Exec(sbtPopOnFailure, None, None)
[debug] > Exec(resumeFromFailure, None, None)
[debug] > Exec(notifyUsersAboutShell, None, None)
[debug] > Exec(iflast shell, None, None)
[debug] > Exec(; set ideaPort in Global := 55656 ; idea-shell, None, None)
[debug] > Exec(set ideaPort in Global := 55656, None, None)
[info] Defining Global / ideaPort
[info] The new value will be used by Compile / compile, Test / compile
[debug] Defining 
[debug] 	Global / ideaPort
[debug] 
[debug] The new value will be used by 
[debug] 	Compile / compile
[debug] 	Test / compile
[info] Reapplying settings...
[info] set current project to TSIS Week5 day2 (in build file:/C:/Users/profa/Desktop/Scala/TSIS%20Week5%20day2/)
[debug] > Exec(idea-shell, None, None)
